Pig Stack Trace
---------------
ERROR 1066: Unable to open iterator for alias data_count

org.apache.pig.impl.logicalLayer.FrontendException: ERROR 1066: Unable to open iterator for alias data_count
	at org.apache.pig.PigServer.openIterator(PigServer.java:1024)
	at org.apache.pig.tools.grunt.GruntParser.processDump(GruntParser.java:790)
	at org.apache.pig.tools.pigscript.parser.PigScriptParser.parse(PigScriptParser.java:383)
	at org.apache.pig.tools.grunt.GruntParser.parseStopOnError(GruntParser.java:231)
	at org.apache.pig.tools.grunt.GruntParser.parseStopOnError(GruntParser.java:206)
	at org.apache.pig.tools.grunt.Grunt.exec(Grunt.java:81)
	at org.apache.pig.Main.run(Main.java:500)
	at org.apache.pig.Main.main(Main.java:175)
	at java.base/jdk.internal.reflect.DirectMethodHandleAccessor.invoke(DirectMethodHandleAccessor.java:103)
	at java.base/java.lang.reflect.Method.invoke(Method.java:580)
	at org.apache.hadoop.util.RunJar.run(RunJar.java:333)
	at org.apache.hadoop.util.RunJar.main(RunJar.java:254)
Caused by: java.io.IOException: Job terminated with anomalous status FAILED
	at org.apache.pig.PigServer.openIterator(PigServer.java:1017)
	... 11 more
================================================================================
